<?xml version="1.0" encoding="UTF-8"?>
<!-- Generated by org.testng.reporters.JUnitReportReporter -->
<testsuite hostname="Rohit-RG" failures="0" tests="1" name="Demo.Axis.WriteToExcel" time="4.580" errors="0" timestamp="2024-02-28T10:39:25 IST" skipped="0">
  <testcase classname="Demo.Axis.WriteToExcel" name="Login" time="4.580"/>
  <system-out/>
</testsuite> <!-- Demo.Axis.WriteToExcel -->
