<?xml version="1.0" encoding="UTF-8"?>
<!-- Generated by org.testng.reporters.JUnitReportReporter -->
<testsuite hostname="Rohit-RG" failures="0" tests="2" name="Demo.Axis.TestNG" time="1.549" errors="0" timestamp="2024-02-26T16:10:38 IST" skipped="0">
  <testcase classname="Demo.Axis.TestNG" name="configLogin1" time="0.075"/>
  <system-out/>
  <testcase classname="Demo.Axis.TestNG" name="configLogin" time="1.474"/>
  <system-out/>
</testsuite> <!-- Demo.Axis.TestNG -->
