<?xml version="1.0" encoding="UTF-8"?>
<!-- Generated by org.testng.reporters.JUnitReportReporter -->
<testsuite hostname="Rohit-RG" failures="0" tests="1" name="Demo.Axis.ReadExcel" time="3.870" errors="0" timestamp="2024-02-27T14:31:09 IST" skipped="0">
  <testcase classname="Demo.Axis.ReadExcel" name="fblogin" time="3.870"/>
  <system-out/>
</testsuite> <!-- Demo.Axis.ReadExcel -->
