<?xml version="1.0" encoding="UTF-8"?>
<!-- Generated by org.testng.reporters.JUnitReportReporter -->
<testsuite hostname="Rohit-RG" failures="0" tests="1" name="Demo.Axis.ReadExcel" time="4.551" errors="0" timestamp="2024-02-28T10:40:47 IST" skipped="0">
  <testcase classname="Demo.Axis.ReadExcel" name="fblogin" time="4.551"/>
  <system-out/>
</testsuite> <!-- Demo.Axis.ReadExcel -->
