<?xml version="1.0" encoding="UTF-8"?>
<!-- Generated by org.testng.reporters.JUnitReportReporter -->
<testsuite hostname="Rohit-RG" failures="0" tests="1" name="Demo.Axis.WriteToExcel" time="3.605" errors="0" timestamp="2024-02-28T10:40:47 IST" skipped="0">
  <testcase classname="Demo.Axis.WriteToExcel" name="Login" time="3.605"/>
  <system-out/>
</testsuite> <!-- Demo.Axis.WriteToExcel -->
